[INFO] [2024-10-26 14:31:49] [json.go:13] Starting to parse JSON file: C:\Users\chris\AppData\Local\Temp\test.json561815189
[INFO] [2024-10-26 14:31:49] [json.go:31] Finished parsing JSON file. Found 2 contexts.
[INFO] [2024-10-26 14:31:49] [owl.go:13] Starting to parse OWL file: C:\Users\chris\AppData\Local\Temp\test.owl4250866123
[INFO] [2024-10-26 14:31:49] [owl.go:49] Finished parsing OWL file. Found 1 elements.
[INFO] [2024-10-26 14:31:49] [rdf.go:13] Starting to parse RDF file: C:\Users\chris\AppData\Local\Temp\test.rdf2359270735
[INFO] [2024-10-26 14:31:49] [rdf.go:49] Finished parsing RDF file. Found 1 elements.
[INFO] [2024-10-26 14:31:49] [tsv.go:30] Starting to parse TSV file: C:\Users\chris\AppData\Local\Temp\test.tsv2174881675
[WARNING] [2024-10-26 14:31:49] [tsv.go:56] Skipping invalid record: [Invalid Row]
[INFO] [2024-10-26 14:31:49] [tsv.go:76] Finished parsing TSV file. Found 3 elements.
[INFO] [2024-10-26 14:32:13] [json.go:13] Starting to parse JSON file: C:\Users\chris\AppData\Local\Temp\test.json1264656243
[INFO] [2024-10-26 14:32:13] [json.go:31] Finished parsing JSON file. Found 2 contexts.
[INFO] [2024-10-26 14:32:13] [owl.go:13] Starting to parse OWL file: C:\Users\chris\AppData\Local\Temp\test.owl1528150403
[INFO] [2024-10-26 14:32:13] [owl.go:49] Finished parsing OWL file. Found 1 elements.
[INFO] [2024-10-26 14:32:13] [rdf.go:13] Starting to parse RDF file: C:\Users\chris\AppData\Local\Temp\test.rdf2246143017
[INFO] [2024-10-26 14:32:13] [rdf.go:49] Finished parsing RDF file. Found 1 elements.
[INFO] [2024-10-26 14:32:13] [tsv.go:30] Starting to parse TSV file: C:\Users\chris\AppData\Local\Temp\test.tsv3672754854
[WARNING] [2024-10-26 14:32:13] [tsv.go:56] Skipping invalid record: [Invalid Row]
[INFO] [2024-10-26 14:32:13] [tsv.go:76] Finished parsing TSV file. Found 3 elements.
[INFO] [2024-10-26 14:32:40] [json.go:13] Starting to parse JSON file: C:\Users\chris\AppData\Local\Temp\test.json4172005536
[INFO] [2024-10-26 14:32:40] [json.go:31] Finished parsing JSON file. Found 2 contexts.
[INFO] [2024-10-26 14:32:40] [owl.go:13] Starting to parse OWL file: C:\Users\chris\AppData\Local\Temp\test.owl1507460226
[INFO] [2024-10-26 14:32:40] [owl.go:49] Finished parsing OWL file. Found 1 elements.
[INFO] [2024-10-26 14:32:40] [rdf.go:13] Starting to parse RDF file: C:\Users\chris\AppData\Local\Temp\test.rdf3537813992
[INFO] [2024-10-26 14:32:40] [rdf.go:49] Finished parsing RDF file. Found 1 elements.
[INFO] [2024-10-26 14:32:40] [tsv.go:30] Starting to parse TSV file: C:\Users\chris\AppData\Local\Temp\test.tsv547149919
[WARNING] [2024-10-26 14:32:40] [tsv.go:56] Skipping invalid record: [Invalid Row]
[INFO] [2024-10-26 14:32:40] [tsv.go:76] Finished parsing TSV file. Found 3 elements.
[INFO] [2024-10-26 14:33:09] [json.go:13] Starting to parse JSON file: C:\Users\chris\AppData\Local\Temp\test.json4095534189
[INFO] [2024-10-26 14:33:09] [json.go:31] Finished parsing JSON file. Found 2 contexts.
[INFO] [2024-10-26 14:33:09] [owl.go:13] Starting to parse OWL file: C:\Users\chris\AppData\Local\Temp\test.owl2223827961
[INFO] [2024-10-26 14:33:09] [owl.go:49] Finished parsing OWL file. Found 1 elements.
[INFO] [2024-10-26 14:33:09] [rdf.go:13] Starting to parse RDF file: C:\Users\chris\AppData\Local\Temp\test.rdf1846283081
[INFO] [2024-10-26 14:33:09] [rdf.go:49] Finished parsing RDF file. Found 1 elements.
[INFO] [2024-10-26 14:33:09] [tsv.go:30] Starting to parse TSV file: C:\Users\chris\AppData\Local\Temp\test.tsv1212722312
[WARNING] [2024-10-26 14:33:09] [tsv.go:56] Skipping invalid record: [Invalid Row]
[INFO] [2024-10-26 14:33:09] [tsv.go:76] Finished parsing TSV file. Found 3 elements.
